1637425954.4807646
1637457180.1102946
1637466431.368598
1637475540.8278556
1637493034.0183008
1637509006.4487119
1637509866.0928285
1637529080.8177912
1637542335.343214
1637561666.9790156
1637566138.5025954
1637576435.6436312
1637588969.6475973
1637602980.722052
1637612555.5214145
1637617400.9004486
1637636022.3901098
1637655200.2643952
1637660881.177484
1637661945.6936724
1637684612.5546024
1637691906.0883853
1637711718.4312038
1637719862.5609546
1637736186.8420274
1637748724.7529113
1637758567.42526
1637765082.1411877
1637776803.5480063
1637787259.9572594
1637790737.1486259
1637801688.5577095
1637809993.892998
1637820661.0819292
1637827874.6285584
1637837387.967105
1637849341.5033908
1637878186.95976
1637879061.406282
1637882156.6935015
1637889632.5623925
1637898030.5428324
1637903410.4468079
1637910250.6883597
1637923492.7810545
1637930270.5167074
1637939141.5821676
1637955778.9710019
1637965097.8548357
1637968264.2900467
1637977262.9644084
1637985230.8194811
1637997302.2522137
1638003340.996463
1638014908.1064541
1638028085.1009216
1638036355.9882975
1638045802.6192744
1638056561.992174
1638067743.6974523
1638073330.2045429
1638082666.7366056
1638088709.012302
1638093147.2073238
1638100760.7245417
1638102567.5009038
1638127370.110369
1638136479.738932
1638143536.9339733
1638153156.9848025
1638157348.4855752
1638163971.0916202
1638177399.5009105
1638185382.0018356
1638202108.3028865
1638207453.9737442
1638224933.0210168
1638227701.7400293
1638240049.289593
1638241662.7955275
1638250060.7319589
1638264566.739473
1638269991.2990246
1638300834.456357
1638301576.590154
1638302671.4196
1638310656.5567899
1638317800.3267052
1638326411.9501462
1638338346.4285693
1638342497.259201
1638353010.4709878
1638364267.9818473
1638370661.02297
1638378345.3581388
